2022-04-13 14:06:30.935 [ main ] - [ INFO  ] [ com.cgc.other.SpringVersionTest : 55 ] - Starting SpringVersionTest using Java 1.8.0_282 on DESKTOP-H4NF298 with PID 4592 (started by xingchen in E:\IDEAWorkPlace\community)
2022-04-13 14:06:30.943 [ main ] - [ DEBUG ] [ com.cgc.other.SpringVersionTest : 56 ] - Running with Spring Boot v2.6.4, Spring v5.3.16
2022-04-13 14:06:30.944 [ main ] - [ INFO  ] [ com.cgc.other.SpringVersionTest : 640 ] - No active profile set, falling back to 1 default profile: "default"
2022-04-13 14:06:38.021 [ main ] - [ INFO  ] [ org.apache.kafka.clients.consumer.ConsumerConfig : 376 ] - ConsumerConfig values: 
	allow.auto.create.topics = true
	auto.commit.interval.ms = 3000
	auto.offset.reset = latest
	bootstrap.servers = [localhost:9092]
	check.crcs = true
	client.dns.lookup = use_all_dns_ips
	client.id = consumer-test-consumer-group-1
	client.rack = 
	connections.max.idle.ms = 540000
	default.api.timeout.ms = 60000
	enable.auto.commit = true
	exclude.internal.topics = true
	fetch.max.bytes = 52428800
	fetch.max.wait.ms = 500
	fetch.min.bytes = 1
	group.id = test-consumer-group
	group.instance.id = null
	heartbeat.interval.ms = 3000
	interceptor.classes = []
	internal.leave.group.on.close = true
	internal.throw.on.fetch.stable.offset.unsupported = false
	isolation.level = read_uncommitted
	key.deserializer = class org.apache.kafka.common.serialization.StringDeserializer
	max.partition.fetch.bytes = 1048576
	max.poll.interval.ms = 300000
	max.poll.records = 500
	metadata.max.age.ms = 300000
	metric.reporters = []
	metrics.num.samples = 2
	metrics.recording.level = INFO
	metrics.sample.window.ms = 30000
	partition.assignment.strategy = [class org.apache.kafka.clients.consumer.RangeAssignor, class org.apache.kafka.clients.consumer.CooperativeStickyAssignor]
	receive.buffer.bytes = 65536
	reconnect.backoff.max.ms = 1000
	reconnect.backoff.ms = 50
	request.timeout.ms = 30000
	retry.backoff.ms = 100
	sasl.client.callback.handler.class = null
	sasl.jaas.config = null
	sasl.kerberos.kinit.cmd = /usr/bin/kinit
	sasl.kerberos.min.time.before.relogin = 60000
	sasl.kerberos.service.name = null
	sasl.kerberos.ticket.renew.jitter = 0.05
	sasl.kerberos.ticket.renew.window.factor = 0.8
	sasl.login.callback.handler.class = null
	sasl.login.class = null
	sasl.login.refresh.buffer.seconds = 300
	sasl.login.refresh.min.period.seconds = 60
	sasl.login.refresh.window.factor = 0.8
	sasl.login.refresh.window.jitter = 0.05
	sasl.mechanism = GSSAPI
	security.protocol = PLAINTEXT
	security.providers = null
	send.buffer.bytes = 131072
	session.timeout.ms = 45000
	socket.connection.setup.timeout.max.ms = 30000
	socket.connection.setup.timeout.ms = 10000
	ssl.cipher.suites = null
	ssl.enabled.protocols = [TLSv1.2]
	ssl.endpoint.identification.algorithm = https
	ssl.engine.factory.class = null
	ssl.key.password = null
	ssl.keymanager.algorithm = SunX509
	ssl.keystore.certificate.chain = null
	ssl.keystore.key = null
	ssl.keystore.location = null
	ssl.keystore.password = null
	ssl.keystore.type = JKS
	ssl.protocol = TLSv1.2
	ssl.provider = null
	ssl.secure.random.implementation = null
	ssl.trustmanager.algorithm = PKIX
	ssl.truststore.certificates = null
	ssl.truststore.location = null
	ssl.truststore.password = null
	ssl.truststore.type = JKS
	value.deserializer = class org.apache.kafka.common.serialization.StringDeserializer

2022-04-13 14:06:38.246 [ main ] - [ INFO  ] [ org.apache.kafka.common.utils.AppInfoParser : 119 ] - Kafka version: 3.0.0
2022-04-13 14:06:38.247 [ main ] - [ INFO  ] [ org.apache.kafka.common.utils.AppInfoParser : 120 ] - Kafka commitId: 8cb0a5e9d3441962
2022-04-13 14:06:38.248 [ main ] - [ INFO  ] [ org.apache.kafka.common.utils.AppInfoParser : 121 ] - Kafka startTimeMs: 1649829998244
2022-04-13 14:06:38.251 [ main ] - [ INFO  ] [ org.apache.kafka.clients.consumer.KafkaConsumer : 966 ] - [Consumer clientId=consumer-test-consumer-group-1, groupId=test-consumer-group] Subscribed to topic(s): quickstart-events
2022-04-13 14:06:38.272 [ main ] - [ INFO  ] [ org.apache.kafka.clients.consumer.ConsumerConfig : 376 ] - ConsumerConfig values: 
	allow.auto.create.topics = true
	auto.commit.interval.ms = 3000
	auto.offset.reset = latest
	bootstrap.servers = [localhost:9092]
	check.crcs = true
	client.dns.lookup = use_all_dns_ips
	client.id = consumer-test-consumer-group-2
	client.rack = 
	connections.max.idle.ms = 540000
	default.api.timeout.ms = 60000
	enable.auto.commit = true
	exclude.internal.topics = true
	fetch.max.bytes = 52428800
	fetch.max.wait.ms = 500
	fetch.min.bytes = 1
	group.id = test-consumer-group
	group.instance.id = null
	heartbeat.interval.ms = 3000
	interceptor.classes = []
	internal.leave.group.on.close = true
	internal.throw.on.fetch.stable.offset.unsupported = false
	isolation.level = read_uncommitted
	key.deserializer = class org.apache.kafka.common.serialization.StringDeserializer
	max.partition.fetch.bytes = 1048576
	max.poll.interval.ms = 300000
	max.poll.records = 500
	metadata.max.age.ms = 300000
	metric.reporters = []
	metrics.num.samples = 2
	metrics.recording.level = INFO
	metrics.sample.window.ms = 30000
	partition.assignment.strategy = [class org.apache.kafka.clients.consumer.RangeAssignor, class org.apache.kafka.clients.consumer.CooperativeStickyAssignor]
	receive.buffer.bytes = 65536
	reconnect.backoff.max.ms = 1000
	reconnect.backoff.ms = 50
	request.timeout.ms = 30000
	retry.backoff.ms = 100
	sasl.client.callback.handler.class = null
	sasl.jaas.config = null
	sasl.kerberos.kinit.cmd = /usr/bin/kinit
	sasl.kerberos.min.time.before.relogin = 60000
	sasl.kerberos.service.name = null
	sasl.kerberos.ticket.renew.jitter = 0.05
	sasl.kerberos.ticket.renew.window.factor = 0.8
	sasl.login.callback.handler.class = null
	sasl.login.class = null
	sasl.login.refresh.buffer.seconds = 300
	sasl.login.refresh.min.period.seconds = 60
	sasl.login.refresh.window.factor = 0.8
	sasl.login.refresh.window.jitter = 0.05
	sasl.mechanism = GSSAPI
	security.protocol = PLAINTEXT
	security.providers = null
	send.buffer.bytes = 131072
	session.timeout.ms = 45000
	socket.connection.setup.timeout.max.ms = 30000
	socket.connection.setup.timeout.ms = 10000
	ssl.cipher.suites = null
	ssl.enabled.protocols = [TLSv1.2]
	ssl.endpoint.identification.algorithm = https
	ssl.engine.factory.class = null
	ssl.key.password = null
	ssl.keymanager.algorithm = SunX509
	ssl.keystore.certificate.chain = null
	ssl.keystore.key = null
	ssl.keystore.location = null
	ssl.keystore.password = null
	ssl.keystore.type = JKS
	ssl.protocol = TLSv1.2
	ssl.provider = null
	ssl.secure.random.implementation = null
	ssl.trustmanager.algorithm = PKIX
	ssl.truststore.certificates = null
	ssl.truststore.location = null
	ssl.truststore.password = null
	ssl.truststore.type = JKS
	value.deserializer = class org.apache.kafka.common.serialization.StringDeserializer

2022-04-13 14:06:38.282 [ main ] - [ INFO  ] [ org.apache.kafka.common.utils.AppInfoParser : 119 ] - Kafka version: 3.0.0
2022-04-13 14:06:38.283 [ main ] - [ INFO  ] [ org.apache.kafka.common.utils.AppInfoParser : 120 ] - Kafka commitId: 8cb0a5e9d3441962
2022-04-13 14:06:38.284 [ main ] - [ INFO  ] [ org.apache.kafka.common.utils.AppInfoParser : 121 ] - Kafka startTimeMs: 1649829998282
2022-04-13 14:06:38.285 [ main ] - [ INFO  ] [ org.apache.kafka.clients.consumer.KafkaConsumer : 966 ] - [Consumer clientId=consumer-test-consumer-group-2, groupId=test-consumer-group] Subscribed to topic(s): comment, follow, like
2022-04-13 14:06:38.310 [ main ] - [ INFO  ] [ com.cgc.other.SpringVersionTest : 61 ] - Started SpringVersionTest in 8.043 seconds (JVM running for 9.884)
2022-04-13 14:06:38.753 [ org.springframework.kafka.KafkaListenerEndpointContainer#0-0-C-1 ] - [ INFO  ] [ o.a.k.c.consumer.internals.ConsumerCoordinator : 966 ] - [Consumer clientId=consumer-test-consumer-group-1, groupId=test-consumer-group] Resetting generation due to: consumer pro-actively leaving the group
2022-04-13 14:06:38.753 [ org.springframework.kafka.KafkaListenerEndpointContainer#1-0-C-1 ] - [ INFO  ] [ o.a.k.c.consumer.internals.ConsumerCoordinator : 966 ] - [Consumer clientId=consumer-test-consumer-group-2, groupId=test-consumer-group] Resetting generation due to: consumer pro-actively leaving the group
2022-04-13 14:06:38.754 [ org.springframework.kafka.KafkaListenerEndpointContainer#0-0-C-1 ] - [ INFO  ] [ o.a.k.c.consumer.internals.ConsumerCoordinator : 988 ] - [Consumer clientId=consumer-test-consumer-group-1, groupId=test-consumer-group] Request joining group due to: consumer pro-actively leaving the group
2022-04-13 14:06:38.754 [ org.springframework.kafka.KafkaListenerEndpointContainer#1-0-C-1 ] - [ INFO  ] [ o.a.k.c.consumer.internals.ConsumerCoordinator : 988 ] - [Consumer clientId=consumer-test-consumer-group-2, groupId=test-consumer-group] Request joining group due to: consumer pro-actively leaving the group
2022-04-13 14:06:38.754 [ org.springframework.kafka.KafkaListenerEndpointContainer#0-0-C-1 ] - [ INFO  ] [ org.apache.kafka.clients.consumer.KafkaConsumer : 1075 ] - [Consumer clientId=consumer-test-consumer-group-1, groupId=test-consumer-group] Unsubscribed all topics or patterns and assigned partitions
2022-04-13 14:06:38.754 [ org.springframework.kafka.KafkaListenerEndpointContainer#1-0-C-1 ] - [ INFO  ] [ org.apache.kafka.clients.consumer.KafkaConsumer : 1075 ] - [Consumer clientId=consumer-test-consumer-group-2, groupId=test-consumer-group] Unsubscribed all topics or patterns and assigned partitions
2022-04-13 14:06:38.755 [ org.springframework.kafka.KafkaListenerEndpointContainer#1-0-C-1 ] - [ INFO  ] [ o.a.k.c.consumer.internals.ConsumerCoordinator : 966 ] - [Consumer clientId=consumer-test-consumer-group-2, groupId=test-consumer-group] Resetting generation due to: consumer pro-actively leaving the group
2022-04-13 14:06:38.756 [ org.springframework.kafka.KafkaListenerEndpointContainer#1-0-C-1 ] - [ INFO  ] [ o.a.k.c.consumer.internals.ConsumerCoordinator : 988 ] - [Consumer clientId=consumer-test-consumer-group-2, groupId=test-consumer-group] Request joining group due to: consumer pro-actively leaving the group
2022-04-13 14:06:38.756 [ org.springframework.kafka.KafkaListenerEndpointContainer#0-0-C-1 ] - [ INFO  ] [ o.a.k.c.consumer.internals.ConsumerCoordinator : 966 ] - [Consumer clientId=consumer-test-consumer-group-1, groupId=test-consumer-group] Resetting generation due to: consumer pro-actively leaving the group
2022-04-13 14:06:38.756 [ org.springframework.kafka.KafkaListenerEndpointContainer#0-0-C-1 ] - [ INFO  ] [ o.a.k.c.consumer.internals.ConsumerCoordinator : 988 ] - [Consumer clientId=consumer-test-consumer-group-1, groupId=test-consumer-group] Request joining group due to: consumer pro-actively leaving the group
2022-04-13 14:06:38.757 [ org.springframework.kafka.KafkaListenerEndpointContainer#1-0-C-1 ] - [ INFO  ] [ org.apache.kafka.common.metrics.Metrics : 659 ] - Metrics scheduler closed
2022-04-13 14:06:38.757 [ org.springframework.kafka.KafkaListenerEndpointContainer#0-0-C-1 ] - [ INFO  ] [ org.apache.kafka.common.metrics.Metrics : 659 ] - Metrics scheduler closed
2022-04-13 14:06:38.758 [ org.springframework.kafka.KafkaListenerEndpointContainer#0-0-C-1 ] - [ INFO  ] [ org.apache.kafka.common.metrics.Metrics : 663 ] - Closing reporter org.apache.kafka.common.metrics.JmxReporter
2022-04-13 14:06:38.757 [ org.springframework.kafka.KafkaListenerEndpointContainer#1-0-C-1 ] - [ INFO  ] [ org.apache.kafka.common.metrics.Metrics : 663 ] - Closing reporter org.apache.kafka.common.metrics.JmxReporter
2022-04-13 14:06:38.758 [ org.springframework.kafka.KafkaListenerEndpointContainer#1-0-C-1 ] - [ INFO  ] [ org.apache.kafka.common.metrics.Metrics : 669 ] - Metrics reporters closed
2022-04-13 14:06:38.758 [ org.springframework.kafka.KafkaListenerEndpointContainer#0-0-C-1 ] - [ INFO  ] [ org.apache.kafka.common.metrics.Metrics : 669 ] - Metrics reporters closed
2022-04-13 14:06:38.764 [ org.springframework.kafka.KafkaListenerEndpointContainer#1-0-C-1 ] - [ INFO  ] [ org.apache.kafka.common.utils.AppInfoParser : 83 ] - App info kafka.consumer for consumer-test-consumer-group-2 unregistered
2022-04-13 14:06:38.765 [ org.springframework.kafka.KafkaListenerEndpointContainer#0-0-C-1 ] - [ INFO  ] [ org.apache.kafka.common.utils.AppInfoParser : 83 ] - App info kafka.consumer for consumer-test-consumer-group-1 unregistered
2022-04-13 14:09:52.208 [ main ] - [ INFO  ] [ com.cgc.other.SpringVersionTest : 55 ] - Starting SpringVersionTest using Java 1.8.0_282 on DESKTOP-H4NF298 with PID 17176 (started by xingchen in E:\IDEAWorkPlace\community)
2022-04-13 14:09:52.210 [ main ] - [ DEBUG ] [ com.cgc.other.SpringVersionTest : 56 ] - Running with Spring Boot v2.6.4, Spring v5.3.16
2022-04-13 14:09:52.210 [ main ] - [ INFO  ] [ com.cgc.other.SpringVersionTest : 640 ] - No active profile set, falling back to 1 default profile: "default"
2022-04-13 14:09:57.618 [ main ] - [ INFO  ] [ org.apache.kafka.clients.consumer.ConsumerConfig : 376 ] - ConsumerConfig values: 
	allow.auto.create.topics = true
	auto.commit.interval.ms = 3000
	auto.offset.reset = latest
	bootstrap.servers = [localhost:9092]
	check.crcs = true
	client.dns.lookup = use_all_dns_ips
	client.id = consumer-test-consumer-group-1
	client.rack = 
	connections.max.idle.ms = 540000
	default.api.timeout.ms = 60000
	enable.auto.commit = true
	exclude.internal.topics = true
	fetch.max.bytes = 52428800
	fetch.max.wait.ms = 500
	fetch.min.bytes = 1
	group.id = test-consumer-group
	group.instance.id = null
	heartbeat.interval.ms = 3000
	interceptor.classes = []
	internal.leave.group.on.close = true
	internal.throw.on.fetch.stable.offset.unsupported = false
	isolation.level = read_uncommitted
	key.deserializer = class org.apache.kafka.common.serialization.StringDeserializer
	max.partition.fetch.bytes = 1048576
	max.poll.interval.ms = 300000
	max.poll.records = 500
	metadata.max.age.ms = 300000
	metric.reporters = []
	metrics.num.samples = 2
	metrics.recording.level = INFO
	metrics.sample.window.ms = 30000
	partition.assignment.strategy = [class org.apache.kafka.clients.consumer.RangeAssignor, class org.apache.kafka.clients.consumer.CooperativeStickyAssignor]
	receive.buffer.bytes = 65536
	reconnect.backoff.max.ms = 1000
	reconnect.backoff.ms = 50
	request.timeout.ms = 30000
	retry.backoff.ms = 100
	sasl.client.callback.handler.class = null
	sasl.jaas.config = null
	sasl.kerberos.kinit.cmd = /usr/bin/kinit
	sasl.kerberos.min.time.before.relogin = 60000
	sasl.kerberos.service.name = null
	sasl.kerberos.ticket.renew.jitter = 0.05
	sasl.kerberos.ticket.renew.window.factor = 0.8
	sasl.login.callback.handler.class = null
	sasl.login.class = null
	sasl.login.refresh.buffer.seconds = 300
	sasl.login.refresh.min.period.seconds = 60
	sasl.login.refresh.window.factor = 0.8
	sasl.login.refresh.window.jitter = 0.05
	sasl.mechanism = GSSAPI
	security.protocol = PLAINTEXT
	security.providers = null
	send.buffer.bytes = 131072
	session.timeout.ms = 45000
	socket.connection.setup.timeout.max.ms = 30000
	socket.connection.setup.timeout.ms = 10000
	ssl.cipher.suites = null
	ssl.enabled.protocols = [TLSv1.2]
	ssl.endpoint.identification.algorithm = https
	ssl.engine.factory.class = null
	ssl.key.password = null
	ssl.keymanager.algorithm = SunX509
	ssl.keystore.certificate.chain = null
	ssl.keystore.key = null
	ssl.keystore.location = null
	ssl.keystore.password = null
	ssl.keystore.type = JKS
	ssl.protocol = TLSv1.2
	ssl.provider = null
	ssl.secure.random.implementation = null
	ssl.trustmanager.algorithm = PKIX
	ssl.truststore.certificates = null
	ssl.truststore.location = null
	ssl.truststore.password = null
	ssl.truststore.type = JKS
	value.deserializer = class org.apache.kafka.common.serialization.StringDeserializer

2022-04-13 14:09:57.779 [ main ] - [ INFO  ] [ org.apache.kafka.common.utils.AppInfoParser : 119 ] - Kafka version: 3.0.0
2022-04-13 14:09:57.781 [ main ] - [ INFO  ] [ org.apache.kafka.common.utils.AppInfoParser : 120 ] - Kafka commitId: 8cb0a5e9d3441962
2022-04-13 14:09:57.781 [ main ] - [ INFO  ] [ org.apache.kafka.common.utils.AppInfoParser : 121 ] - Kafka startTimeMs: 1649830197778
2022-04-13 14:09:57.786 [ main ] - [ INFO  ] [ org.apache.kafka.clients.consumer.KafkaConsumer : 966 ] - [Consumer clientId=consumer-test-consumer-group-1, groupId=test-consumer-group] Subscribed to topic(s): quickstart-events
2022-04-13 14:09:57.806 [ main ] - [ INFO  ] [ org.apache.kafka.clients.consumer.ConsumerConfig : 376 ] - ConsumerConfig values: 
	allow.auto.create.topics = true
	auto.commit.interval.ms = 3000
	auto.offset.reset = latest
	bootstrap.servers = [localhost:9092]
	check.crcs = true
	client.dns.lookup = use_all_dns_ips
	client.id = consumer-test-consumer-group-2
	client.rack = 
	connections.max.idle.ms = 540000
	default.api.timeout.ms = 60000
	enable.auto.commit = true
	exclude.internal.topics = true
	fetch.max.bytes = 52428800
	fetch.max.wait.ms = 500
	fetch.min.bytes = 1
	group.id = test-consumer-group
	group.instance.id = null
	heartbeat.interval.ms = 3000
	interceptor.classes = []
	internal.leave.group.on.close = true
	internal.throw.on.fetch.stable.offset.unsupported = false
	isolation.level = read_uncommitted
	key.deserializer = class org.apache.kafka.common.serialization.StringDeserializer
	max.partition.fetch.bytes = 1048576
	max.poll.interval.ms = 300000
	max.poll.records = 500
	metadata.max.age.ms = 300000
	metric.reporters = []
	metrics.num.samples = 2
	metrics.recording.level = INFO
	metrics.sample.window.ms = 30000
	partition.assignment.strategy = [class org.apache.kafka.clients.consumer.RangeAssignor, class org.apache.kafka.clients.consumer.CooperativeStickyAssignor]
	receive.buffer.bytes = 65536
	reconnect.backoff.max.ms = 1000
	reconnect.backoff.ms = 50
	request.timeout.ms = 30000
	retry.backoff.ms = 100
	sasl.client.callback.handler.class = null
	sasl.jaas.config = null
	sasl.kerberos.kinit.cmd = /usr/bin/kinit
	sasl.kerberos.min.time.before.relogin = 60000
	sasl.kerberos.service.name = null
	sasl.kerberos.ticket.renew.jitter = 0.05
	sasl.kerberos.ticket.renew.window.factor = 0.8
	sasl.login.callback.handler.class = null
	sasl.login.class = null
	sasl.login.refresh.buffer.seconds = 300
	sasl.login.refresh.min.period.seconds = 60
	sasl.login.refresh.window.factor = 0.8
	sasl.login.refresh.window.jitter = 0.05
	sasl.mechanism = GSSAPI
	security.protocol = PLAINTEXT
	security.providers = null
	send.buffer.bytes = 131072
	session.timeout.ms = 45000
	socket.connection.setup.timeout.max.ms = 30000
	socket.connection.setup.timeout.ms = 10000
	ssl.cipher.suites = null
	ssl.enabled.protocols = [TLSv1.2]
	ssl.endpoint.identification.algorithm = https
	ssl.engine.factory.class = null
	ssl.key.password = null
	ssl.keymanager.algorithm = SunX509
	ssl.keystore.certificate.chain = null
	ssl.keystore.key = null
	ssl.keystore.location = null
	ssl.keystore.password = null
	ssl.keystore.type = JKS
	ssl.protocol = TLSv1.2
	ssl.provider = null
	ssl.secure.random.implementation = null
	ssl.trustmanager.algorithm = PKIX
	ssl.truststore.certificates = null
	ssl.truststore.location = null
	ssl.truststore.password = null
	ssl.truststore.type = JKS
	value.deserializer = class org.apache.kafka.common.serialization.StringDeserializer

2022-04-13 14:09:57.818 [ main ] - [ INFO  ] [ org.apache.kafka.common.utils.AppInfoParser : 119 ] - Kafka version: 3.0.0
2022-04-13 14:09:57.819 [ main ] - [ INFO  ] [ org.apache.kafka.common.utils.AppInfoParser : 120 ] - Kafka commitId: 8cb0a5e9d3441962
2022-04-13 14:09:57.819 [ main ] - [ INFO  ] [ org.apache.kafka.common.utils.AppInfoParser : 121 ] - Kafka startTimeMs: 1649830197818
2022-04-13 14:09:57.821 [ main ] - [ INFO  ] [ org.apache.kafka.clients.consumer.KafkaConsumer : 966 ] - [Consumer clientId=consumer-test-consumer-group-2, groupId=test-consumer-group] Subscribed to topic(s): comment, follow, like
2022-04-13 14:09:57.852 [ main ] - [ INFO  ] [ com.cgc.other.SpringVersionTest : 61 ] - Started SpringVersionTest in 6.137 seconds (JVM running for 7.654)
2022-04-13 14:09:58.198 [ org.springframework.kafka.KafkaListenerEndpointContainer#1-0-C-1 ] - [ INFO  ] [ o.a.k.c.consumer.internals.ConsumerCoordinator : 966 ] - [Consumer clientId=consumer-test-consumer-group-2, groupId=test-consumer-group] Resetting generation due to: consumer pro-actively leaving the group
2022-04-13 14:09:58.198 [ org.springframework.kafka.KafkaListenerEndpointContainer#0-0-C-1 ] - [ INFO  ] [ o.a.k.c.consumer.internals.ConsumerCoordinator : 966 ] - [Consumer clientId=consumer-test-consumer-group-1, groupId=test-consumer-group] Resetting generation due to: consumer pro-actively leaving the group
2022-04-13 14:09:58.198 [ org.springframework.kafka.KafkaListenerEndpointContainer#1-0-C-1 ] - [ INFO  ] [ o.a.k.c.consumer.internals.ConsumerCoordinator : 988 ] - [Consumer clientId=consumer-test-consumer-group-2, groupId=test-consumer-group] Request joining group due to: consumer pro-actively leaving the group
2022-04-13 14:09:58.198 [ org.springframework.kafka.KafkaListenerEndpointContainer#0-0-C-1 ] - [ INFO  ] [ o.a.k.c.consumer.internals.ConsumerCoordinator : 988 ] - [Consumer clientId=consumer-test-consumer-group-1, groupId=test-consumer-group] Request joining group due to: consumer pro-actively leaving the group
2022-04-13 14:09:58.198 [ org.springframework.kafka.KafkaListenerEndpointContainer#0-0-C-1 ] - [ INFO  ] [ org.apache.kafka.clients.consumer.KafkaConsumer : 1075 ] - [Consumer clientId=consumer-test-consumer-group-1, groupId=test-consumer-group] Unsubscribed all topics or patterns and assigned partitions
2022-04-13 14:09:58.198 [ org.springframework.kafka.KafkaListenerEndpointContainer#1-0-C-1 ] - [ INFO  ] [ org.apache.kafka.clients.consumer.KafkaConsumer : 1075 ] - [Consumer clientId=consumer-test-consumer-group-2, groupId=test-consumer-group] Unsubscribed all topics or patterns and assigned partitions
2022-04-13 14:09:58.199 [ org.springframework.kafka.KafkaListenerEndpointContainer#1-0-C-1 ] - [ INFO  ] [ o.a.k.c.consumer.internals.ConsumerCoordinator : 966 ] - [Consumer clientId=consumer-test-consumer-group-2, groupId=test-consumer-group] Resetting generation due to: consumer pro-actively leaving the group
2022-04-13 14:09:58.199 [ org.springframework.kafka.KafkaListenerEndpointContainer#0-0-C-1 ] - [ INFO  ] [ o.a.k.c.consumer.internals.ConsumerCoordinator : 966 ] - [Consumer clientId=consumer-test-consumer-group-1, groupId=test-consumer-group] Resetting generation due to: consumer pro-actively leaving the group
2022-04-13 14:09:58.199 [ org.springframework.kafka.KafkaListenerEndpointContainer#1-0-C-1 ] - [ INFO  ] [ o.a.k.c.consumer.internals.ConsumerCoordinator : 988 ] - [Consumer clientId=consumer-test-consumer-group-2, groupId=test-consumer-group] Request joining group due to: consumer pro-actively leaving the group
2022-04-13 14:09:58.199 [ org.springframework.kafka.KafkaListenerEndpointContainer#0-0-C-1 ] - [ INFO  ] [ o.a.k.c.consumer.internals.ConsumerCoordinator : 988 ] - [Consumer clientId=consumer-test-consumer-group-1, groupId=test-consumer-group] Request joining group due to: consumer pro-actively leaving the group
2022-04-13 14:09:58.200 [ org.springframework.kafka.KafkaListenerEndpointContainer#1-0-C-1 ] - [ INFO  ] [ org.apache.kafka.common.metrics.Metrics : 659 ] - Metrics scheduler closed
2022-04-13 14:09:58.200 [ org.springframework.kafka.KafkaListenerEndpointContainer#0-0-C-1 ] - [ INFO  ] [ org.apache.kafka.common.metrics.Metrics : 659 ] - Metrics scheduler closed
2022-04-13 14:09:58.200 [ org.springframework.kafka.KafkaListenerEndpointContainer#1-0-C-1 ] - [ INFO  ] [ org.apache.kafka.common.metrics.Metrics : 663 ] - Closing reporter org.apache.kafka.common.metrics.JmxReporter
2022-04-13 14:09:58.200 [ org.springframework.kafka.KafkaListenerEndpointContainer#0-0-C-1 ] - [ INFO  ] [ org.apache.kafka.common.metrics.Metrics : 663 ] - Closing reporter org.apache.kafka.common.metrics.JmxReporter
2022-04-13 14:09:58.201 [ org.springframework.kafka.KafkaListenerEndpointContainer#1-0-C-1 ] - [ INFO  ] [ org.apache.kafka.common.metrics.Metrics : 669 ] - Metrics reporters closed
2022-04-13 14:09:58.201 [ org.springframework.kafka.KafkaListenerEndpointContainer#0-0-C-1 ] - [ INFO  ] [ org.apache.kafka.common.metrics.Metrics : 669 ] - Metrics reporters closed
2022-04-13 14:09:58.209 [ org.springframework.kafka.KafkaListenerEndpointContainer#0-0-C-1 ] - [ INFO  ] [ org.apache.kafka.common.utils.AppInfoParser : 83 ] - App info kafka.consumer for consumer-test-consumer-group-1 unregistered
2022-04-13 14:09:58.210 [ org.springframework.kafka.KafkaListenerEndpointContainer#1-0-C-1 ] - [ INFO  ] [ org.apache.kafka.common.utils.AppInfoParser : 83 ] - App info kafka.consumer for consumer-test-consumer-group-2 unregistered
2022-04-13 16:36:12.631 [ main ] - [ INFO  ] [ c.cgc.dao.elasticsearch.DiscussPostRepositoryTest : 55 ] - Starting DiscussPostRepositoryTest using Java 1.8.0_282 on DESKTOP-H4NF298 with PID 20656 (started by xingchen in E:\IDEAWorkPlace\community)
2022-04-13 16:36:12.646 [ main ] - [ DEBUG ] [ c.cgc.dao.elasticsearch.DiscussPostRepositoryTest : 56 ] - Running with Spring Boot v2.6.4, Spring v5.3.16
2022-04-13 16:36:12.647 [ main ] - [ INFO  ] [ c.cgc.dao.elasticsearch.DiscussPostRepositoryTest : 640 ] - No active profile set, falling back to 1 default profile: "default"
2022-04-13 16:36:19.702 [ I/O dispatcher 1 ] - [ WARN  ] [ org.elasticsearch.client.RestClient : 65 ] - request [GET http://localhost:9200/] returned 1 warnings: [299 Elasticsearch-7.15.2-93d5a7f6192e8a1a12e154a2b81bf6fa7309da0c "Elasticsearch built-in security features are not enabled. Without authentication, your cluster could be accessible to anyone. See https://www.elastic.co/guide/en/elasticsearch/reference/7.15/security-minimal-setup.html to enable security."]
2022-04-13 16:36:19.732 [ main ] - [ WARN  ] [ org.elasticsearch.client.RestClient : 65 ] - request [HEAD http://localhost:9200/discusspost?ignore_throttled=false&ignore_unavailable=false&expand_wildcards=open%2Cclosed&allow_no_indices=false] returned 1 warnings: [299 Elasticsearch-7.15.2-93d5a7f6192e8a1a12e154a2b81bf6fa7309da0c "Elasticsearch built-in security features are not enabled. Without authentication, your cluster could be accessible to anyone. See https://www.elastic.co/guide/en/elasticsearch/reference/7.15/security-minimal-setup.html to enable security."]
2022-04-13 16:36:21.129 [ main ] - [ WARN  ] [ org.elasticsearch.client.RestClient : 65 ] - request [PUT http://localhost:9200/discusspost?master_timeout=30s&timeout=30s] returned 1 warnings: [299 Elasticsearch-7.15.2-93d5a7f6192e8a1a12e154a2b81bf6fa7309da0c "Elasticsearch built-in security features are not enabled. Without authentication, your cluster could be accessible to anyone. See https://www.elastic.co/guide/en/elasticsearch/reference/7.15/security-minimal-setup.html to enable security."]
2022-04-13 16:36:21.664 [ main ] - [ INFO  ] [ org.apache.kafka.clients.consumer.ConsumerConfig : 376 ] - ConsumerConfig values: 
	allow.auto.create.topics = true
	auto.commit.interval.ms = 3000
	auto.offset.reset = latest
	bootstrap.servers = [localhost:9092]
	check.crcs = true
	client.dns.lookup = use_all_dns_ips
	client.id = consumer-test-consumer-group-1
	client.rack = 
	connections.max.idle.ms = 540000
	default.api.timeout.ms = 60000
	enable.auto.commit = true
	exclude.internal.topics = true
	fetch.max.bytes = 52428800
	fetch.max.wait.ms = 500
	fetch.min.bytes = 1
	group.id = test-consumer-group
	group.instance.id = null
	heartbeat.interval.ms = 3000
	interceptor.classes = []
	internal.leave.group.on.close = true
	internal.throw.on.fetch.stable.offset.unsupported = false
	isolation.level = read_uncommitted
	key.deserializer = class org.apache.kafka.common.serialization.StringDeserializer
	max.partition.fetch.bytes = 1048576
	max.poll.interval.ms = 300000
	max.poll.records = 500
	metadata.max.age.ms = 300000
	metric.reporters = []
	metrics.num.samples = 2
	metrics.recording.level = INFO
	metrics.sample.window.ms = 30000
	partition.assignment.strategy = [class org.apache.kafka.clients.consumer.RangeAssignor, class org.apache.kafka.clients.consumer.CooperativeStickyAssignor]
	receive.buffer.bytes = 65536
	reconnect.backoff.max.ms = 1000
	reconnect.backoff.ms = 50
	request.timeout.ms = 30000
	retry.backoff.ms = 100
	sasl.client.callback.handler.class = null
	sasl.jaas.config = null
	sasl.kerberos.kinit.cmd = /usr/bin/kinit
	sasl.kerberos.min.time.before.relogin = 60000
	sasl.kerberos.service.name = null
	sasl.kerberos.ticket.renew.jitter = 0.05
	sasl.kerberos.ticket.renew.window.factor = 0.8
	sasl.login.callback.handler.class = null
	sasl.login.class = null
	sasl.login.refresh.buffer.seconds = 300
	sasl.login.refresh.min.period.seconds = 60
	sasl.login.refresh.window.factor = 0.8
	sasl.login.refresh.window.jitter = 0.05
	sasl.mechanism = GSSAPI
	security.protocol = PLAINTEXT
	security.providers = null
	send.buffer.bytes = 131072
	session.timeout.ms = 45000
	socket.connection.setup.timeout.max.ms = 30000
	socket.connection.setup.timeout.ms = 10000
	ssl.cipher.suites = null
	ssl.enabled.protocols = [TLSv1.2]
	ssl.endpoint.identification.algorithm = https
	ssl.engine.factory.class = null
	ssl.key.password = null
	ssl.keymanager.algorithm = SunX509
	ssl.keystore.certificate.chain = null
	ssl.keystore.key = null
	ssl.keystore.location = null
	ssl.keystore.password = null
	ssl.keystore.type = JKS
	ssl.protocol = TLSv1.2
	ssl.provider = null
	ssl.secure.random.implementation = null
	ssl.trustmanager.algorithm = PKIX
	ssl.truststore.certificates = null
	ssl.truststore.location = null
	ssl.truststore.password = null
	ssl.truststore.type = JKS
	value.deserializer = class org.apache.kafka.common.serialization.StringDeserializer

2022-04-13 16:36:21.879 [ main ] - [ INFO  ] [ org.apache.kafka.common.utils.AppInfoParser : 119 ] - Kafka version: 3.0.0
2022-04-13 16:36:21.882 [ main ] - [ INFO  ] [ org.apache.kafka.common.utils.AppInfoParser : 120 ] - Kafka commitId: 8cb0a5e9d3441962
2022-04-13 16:36:21.882 [ main ] - [ INFO  ] [ org.apache.kafka.common.utils.AppInfoParser : 121 ] - Kafka startTimeMs: 1649838981876
2022-04-13 16:36:21.886 [ main ] - [ INFO  ] [ org.apache.kafka.clients.consumer.KafkaConsumer : 966 ] - [Consumer clientId=consumer-test-consumer-group-1, groupId=test-consumer-group] Subscribed to topic(s): quickstart-events
2022-04-13 16:36:21.908 [ main ] - [ INFO  ] [ org.apache.kafka.clients.consumer.ConsumerConfig : 376 ] - ConsumerConfig values: 
	allow.auto.create.topics = true
	auto.commit.interval.ms = 3000
	auto.offset.reset = latest
	bootstrap.servers = [localhost:9092]
	check.crcs = true
	client.dns.lookup = use_all_dns_ips
	client.id = consumer-test-consumer-group-2
	client.rack = 
	connections.max.idle.ms = 540000
	default.api.timeout.ms = 60000
	enable.auto.commit = true
	exclude.internal.topics = true
	fetch.max.bytes = 52428800
	fetch.max.wait.ms = 500
	fetch.min.bytes = 1
	group.id = test-consumer-group
	group.instance.id = null
	heartbeat.interval.ms = 3000
	interceptor.classes = []
	internal.leave.group.on.close = true
	internal.throw.on.fetch.stable.offset.unsupported = false
	isolation.level = read_uncommitted
	key.deserializer = class org.apache.kafka.common.serialization.StringDeserializer
	max.partition.fetch.bytes = 1048576
	max.poll.interval.ms = 300000
	max.poll.records = 500
	metadata.max.age.ms = 300000
	metric.reporters = []
	metrics.num.samples = 2
	metrics.recording.level = INFO
	metrics.sample.window.ms = 30000
	partition.assignment.strategy = [class org.apache.kafka.clients.consumer.RangeAssignor, class org.apache.kafka.clients.consumer.CooperativeStickyAssignor]
	receive.buffer.bytes = 65536
	reconnect.backoff.max.ms = 1000
	reconnect.backoff.ms = 50
	request.timeout.ms = 30000
	retry.backoff.ms = 100
	sasl.client.callback.handler.class = null
	sasl.jaas.config = null
	sasl.kerberos.kinit.cmd = /usr/bin/kinit
	sasl.kerberos.min.time.before.relogin = 60000
	sasl.kerberos.service.name = null
	sasl.kerberos.ticket.renew.jitter = 0.05
	sasl.kerberos.ticket.renew.window.factor = 0.8
	sasl.login.callback.handler.class = null
	sasl.login.class = null
	sasl.login.refresh.buffer.seconds = 300
	sasl.login.refresh.min.period.seconds = 60
	sasl.login.refresh.window.factor = 0.8
	sasl.login.refresh.window.jitter = 0.05
	sasl.mechanism = GSSAPI
	security.protocol = PLAINTEXT
	security.providers = null
	send.buffer.bytes = 131072
	session.timeout.ms = 45000
	socket.connection.setup.timeout.max.ms = 30000
	socket.connection.setup.timeout.ms = 10000
	ssl.cipher.suites = null
	ssl.enabled.protocols = [TLSv1.2]
	ssl.endpoint.identification.algorithm = https
	ssl.engine.factory.class = null
	ssl.key.password = null
	ssl.keymanager.algorithm = SunX509
	ssl.keystore.certificate.chain = null
	ssl.keystore.key = null
	ssl.keystore.location = null
	ssl.keystore.password = null
	ssl.keystore.type = JKS
	ssl.protocol = TLSv1.2
	ssl.provider = null
	ssl.secure.random.implementation = null
	ssl.trustmanager.algorithm = PKIX
	ssl.truststore.certificates = null
	ssl.truststore.location = null
	ssl.truststore.password = null
	ssl.truststore.type = JKS
	value.deserializer = class org.apache.kafka.common.serialization.StringDeserializer

2022-04-13 16:36:21.917 [ main ] - [ INFO  ] [ org.apache.kafka.common.utils.AppInfoParser : 119 ] - Kafka version: 3.0.0
2022-04-13 16:36:21.917 [ main ] - [ INFO  ] [ org.apache.kafka.common.utils.AppInfoParser : 120 ] - Kafka commitId: 8cb0a5e9d3441962
2022-04-13 16:36:21.917 [ main ] - [ INFO  ] [ org.apache.kafka.common.utils.AppInfoParser : 121 ] - Kafka startTimeMs: 1649838981917
2022-04-13 16:36:21.918 [ main ] - [ INFO  ] [ org.apache.kafka.clients.consumer.KafkaConsumer : 966 ] - [Consumer clientId=consumer-test-consumer-group-2, groupId=test-consumer-group] Subscribed to topic(s): comment, follow, like
2022-04-13 16:36:21.941 [ main ] - [ INFO  ] [ c.cgc.dao.elasticsearch.DiscussPostRepositoryTest : 61 ] - Started DiscussPostRepositoryTest in 10.758 seconds (JVM running for 14.648)
2022-04-13 16:36:22.325 [ main ] - [ INFO  ] [ com.zaxxer.hikari.HikariDataSource : 110 ] - HikariPool-1 - Starting...
2022-04-13 16:36:22.664 [ main ] - [ INFO  ] [ com.zaxxer.hikari.HikariDataSource : 123 ] - HikariPool-1 - Start completed.
2022-04-13 16:36:22.672 [ main ] - [ DEBUG ] [ c.cgc.dao.DiscussPostMapper.selectDiscussPostById : 137 ] - ==>  Preparing: select `id`, `user_id`, `title`, `content`, `type`, `status`, `create_time`, `comment_count`, `score` from discuss_post where id=?
2022-04-13 16:36:22.706 [ main ] - [ DEBUG ] [ c.cgc.dao.DiscussPostMapper.selectDiscussPostById : 137 ] - ==> Parameters: 275(Integer)
2022-04-13 16:36:22.770 [ main ] - [ DEBUG ] [ c.cgc.dao.DiscussPostMapper.selectDiscussPostById : 137 ] - <==      Total: 1
2022-04-13 16:36:23.097 [ main ] - [ WARN  ] [ org.elasticsearch.client.RestClient : 65 ] - request [PUT http://localhost:9200/discusspost/_doc/275?timeout=1m] returned 1 warnings: [299 Elasticsearch-7.15.2-93d5a7f6192e8a1a12e154a2b81bf6fa7309da0c "Elasticsearch built-in security features are not enabled. Without authentication, your cluster could be accessible to anyone. See https://www.elastic.co/guide/en/elasticsearch/reference/7.15/security-minimal-setup.html to enable security."]
2022-04-13 16:36:23.329 [ main ] - [ WARN  ] [ org.elasticsearch.client.RestClient : 65 ] - request [POST http://localhost:9200/discusspost/_refresh?ignore_throttled=false&ignore_unavailable=false&expand_wildcards=open&allow_no_indices=true] returned 1 warnings: [299 Elasticsearch-7.15.2-93d5a7f6192e8a1a12e154a2b81bf6fa7309da0c "Elasticsearch built-in security features are not enabled. Without authentication, your cluster could be accessible to anyone. See https://www.elastic.co/guide/en/elasticsearch/reference/7.15/security-minimal-setup.html to enable security."]
2022-04-13 16:36:23.333 [ main ] - [ DEBUG ] [ c.cgc.dao.DiscussPostMapper.selectDiscussPostById : 137 ] - ==>  Preparing: select `id`, `user_id`, `title`, `content`, `type`, `status`, `create_time`, `comment_count`, `score` from discuss_post where id=?
2022-04-13 16:36:23.333 [ main ] - [ DEBUG ] [ c.cgc.dao.DiscussPostMapper.selectDiscussPostById : 137 ] - ==> Parameters: 276(Integer)
2022-04-13 16:36:23.353 [ main ] - [ DEBUG ] [ c.cgc.dao.DiscussPostMapper.selectDiscussPostById : 137 ] - <==      Total: 1
2022-04-13 16:36:23.458 [ main ] - [ WARN  ] [ org.elasticsearch.client.RestClient : 65 ] - request [PUT http://localhost:9200/discusspost/_doc/276?timeout=1m] returned 1 warnings: [299 Elasticsearch-7.15.2-93d5a7f6192e8a1a12e154a2b81bf6fa7309da0c "Elasticsearch built-in security features are not enabled. Without authentication, your cluster could be accessible to anyone. See https://www.elastic.co/guide/en/elasticsearch/reference/7.15/security-minimal-setup.html to enable security."]
2022-04-13 16:36:23.580 [ main ] - [ WARN  ] [ org.elasticsearch.client.RestClient : 65 ] - request [POST http://localhost:9200/discusspost/_refresh?ignore_throttled=false&ignore_unavailable=false&expand_wildcards=open&allow_no_indices=true] returned 1 warnings: [299 Elasticsearch-7.15.2-93d5a7f6192e8a1a12e154a2b81bf6fa7309da0c "Elasticsearch built-in security features are not enabled. Without authentication, your cluster could be accessible to anyone. See https://www.elastic.co/guide/en/elasticsearch/reference/7.15/security-minimal-setup.html to enable security."]
2022-04-13 16:36:23.581 [ main ] - [ DEBUG ] [ c.cgc.dao.DiscussPostMapper.selectDiscussPostById : 137 ] - ==>  Preparing: select `id`, `user_id`, `title`, `content`, `type`, `status`, `create_time`, `comment_count`, `score` from discuss_post where id=?
2022-04-13 16:36:23.581 [ main ] - [ DEBUG ] [ c.cgc.dao.DiscussPostMapper.selectDiscussPostById : 137 ] - ==> Parameters: 277(Integer)
2022-04-13 16:36:23.583 [ main ] - [ DEBUG ] [ c.cgc.dao.DiscussPostMapper.selectDiscussPostById : 137 ] - <==      Total: 1
2022-04-13 16:36:23.674 [ main ] - [ WARN  ] [ org.elasticsearch.client.RestClient : 65 ] - request [PUT http://localhost:9200/discusspost/_doc/277?timeout=1m] returned 1 warnings: [299 Elasticsearch-7.15.2-93d5a7f6192e8a1a12e154a2b81bf6fa7309da0c "Elasticsearch built-in security features are not enabled. Without authentication, your cluster could be accessible to anyone. See https://www.elastic.co/guide/en/elasticsearch/reference/7.15/security-minimal-setup.html to enable security."]
2022-04-13 16:36:23.852 [ main ] - [ WARN  ] [ org.elasticsearch.client.RestClient : 65 ] - request [POST http://localhost:9200/discusspost/_refresh?ignore_throttled=false&ignore_unavailable=false&expand_wildcards=open&allow_no_indices=true] returned 1 warnings: [299 Elasticsearch-7.15.2-93d5a7f6192e8a1a12e154a2b81bf6fa7309da0c "Elasticsearch built-in security features are not enabled. Without authentication, your cluster could be accessible to anyone. See https://www.elastic.co/guide/en/elasticsearch/reference/7.15/security-minimal-setup.html to enable security."]
2022-04-13 16:36:23.870 [ org.springframework.kafka.KafkaListenerEndpointContainer#0-0-C-1 ] - [ INFO  ] [ o.a.k.c.consumer.internals.ConsumerCoordinator : 966 ] - [Consumer clientId=consumer-test-consumer-group-1, groupId=test-consumer-group] Resetting generation due to: consumer pro-actively leaving the group
2022-04-13 16:36:23.870 [ org.springframework.kafka.KafkaListenerEndpointContainer#1-0-C-1 ] - [ INFO  ] [ o.a.k.c.consumer.internals.ConsumerCoordinator : 966 ] - [Consumer clientId=consumer-test-consumer-group-2, groupId=test-consumer-group] Resetting generation due to: consumer pro-actively leaving the group
2022-04-13 16:36:23.870 [ org.springframework.kafka.KafkaListenerEndpointContainer#0-0-C-1 ] - [ INFO  ] [ o.a.k.c.consumer.internals.ConsumerCoordinator : 988 ] - [Consumer clientId=consumer-test-consumer-group-1, groupId=test-consumer-group] Request joining group due to: consumer pro-actively leaving the group
2022-04-13 16:36:23.870 [ org.springframework.kafka.KafkaListenerEndpointContainer#1-0-C-1 ] - [ INFO  ] [ o.a.k.c.consumer.internals.ConsumerCoordinator : 988 ] - [Consumer clientId=consumer-test-consumer-group-2, groupId=test-consumer-group] Request joining group due to: consumer pro-actively leaving the group
2022-04-13 16:36:23.871 [ org.springframework.kafka.KafkaListenerEndpointContainer#1-0-C-1 ] - [ INFO  ] [ org.apache.kafka.clients.consumer.KafkaConsumer : 1075 ] - [Consumer clientId=consumer-test-consumer-group-2, groupId=test-consumer-group] Unsubscribed all topics or patterns and assigned partitions
2022-04-13 16:36:23.871 [ org.springframework.kafka.KafkaListenerEndpointContainer#0-0-C-1 ] - [ INFO  ] [ org.apache.kafka.clients.consumer.KafkaConsumer : 1075 ] - [Consumer clientId=consumer-test-consumer-group-1, groupId=test-consumer-group] Unsubscribed all topics or patterns and assigned partitions
2022-04-13 16:36:23.872 [ org.springframework.kafka.KafkaListenerEndpointContainer#0-0-C-1 ] - [ INFO  ] [ o.a.k.c.consumer.internals.ConsumerCoordinator : 966 ] - [Consumer clientId=consumer-test-consumer-group-1, groupId=test-consumer-group] Resetting generation due to: consumer pro-actively leaving the group
2022-04-13 16:36:23.872 [ org.springframework.kafka.KafkaListenerEndpointContainer#1-0-C-1 ] - [ INFO  ] [ o.a.k.c.consumer.internals.ConsumerCoordinator : 966 ] - [Consumer clientId=consumer-test-consumer-group-2, groupId=test-consumer-group] Resetting generation due to: consumer pro-actively leaving the group
2022-04-13 16:36:23.872 [ org.springframework.kafka.KafkaListenerEndpointContainer#1-0-C-1 ] - [ INFO  ] [ o.a.k.c.consumer.internals.ConsumerCoordinator : 988 ] - [Consumer clientId=consumer-test-consumer-group-2, groupId=test-consumer-group] Request joining group due to: consumer pro-actively leaving the group
2022-04-13 16:36:23.872 [ org.springframework.kafka.KafkaListenerEndpointContainer#0-0-C-1 ] - [ INFO  ] [ o.a.k.c.consumer.internals.ConsumerCoordinator : 988 ] - [Consumer clientId=consumer-test-consumer-group-1, groupId=test-consumer-group] Request joining group due to: consumer pro-actively leaving the group
2022-04-13 16:36:23.873 [ org.springframework.kafka.KafkaListenerEndpointContainer#0-0-C-1 ] - [ INFO  ] [ org.apache.kafka.common.metrics.Metrics : 659 ] - Metrics scheduler closed
2022-04-13 16:36:23.873 [ org.springframework.kafka.KafkaListenerEndpointContainer#1-0-C-1 ] - [ INFO  ] [ org.apache.kafka.common.metrics.Metrics : 659 ] - Metrics scheduler closed
2022-04-13 16:36:23.873 [ org.springframework.kafka.KafkaListenerEndpointContainer#0-0-C-1 ] - [ INFO  ] [ org.apache.kafka.common.metrics.Metrics : 663 ] - Closing reporter org.apache.kafka.common.metrics.JmxReporter
2022-04-13 16:36:23.873 [ org.springframework.kafka.KafkaListenerEndpointContainer#1-0-C-1 ] - [ INFO  ] [ org.apache.kafka.common.metrics.Metrics : 663 ] - Closing reporter org.apache.kafka.common.metrics.JmxReporter
2022-04-13 16:36:23.873 [ org.springframework.kafka.KafkaListenerEndpointContainer#0-0-C-1 ] - [ INFO  ] [ org.apache.kafka.common.metrics.Metrics : 669 ] - Metrics reporters closed
2022-04-13 16:36:23.873 [ org.springframework.kafka.KafkaListenerEndpointContainer#1-0-C-1 ] - [ INFO  ] [ org.apache.kafka.common.metrics.Metrics : 669 ] - Metrics reporters closed
2022-04-13 16:36:23.878 [ org.springframework.kafka.KafkaListenerEndpointContainer#0-0-C-1 ] - [ INFO  ] [ org.apache.kafka.common.utils.AppInfoParser : 83 ] - App info kafka.consumer for consumer-test-consumer-group-1 unregistered
2022-04-13 16:36:23.879 [ org.springframework.kafka.KafkaListenerEndpointContainer#1-0-C-1 ] - [ INFO  ] [ org.apache.kafka.common.utils.AppInfoParser : 83 ] - App info kafka.consumer for consumer-test-consumer-group-2 unregistered
2022-04-13 16:36:23.911 [ SpringApplicationShutdownHook ] - [ INFO  ] [ com.zaxxer.hikari.HikariDataSource : 350 ] - HikariPool-1 - Shutdown initiated...
2022-04-13 16:36:23.941 [ SpringApplicationShutdownHook ] - [ INFO  ] [ com.zaxxer.hikari.HikariDataSource : 352 ] - HikariPool-1 - Shutdown completed.
2022-04-13 16:42:55.585 [ main ] - [ INFO  ] [ c.cgc.dao.elasticsearch.DiscussPostRepositoryTest : 55 ] - Starting DiscussPostRepositoryTest using Java 1.8.0_282 on DESKTOP-H4NF298 with PID 7260 (started by xingchen in E:\IDEAWorkPlace\community)
2022-04-13 16:42:55.586 [ main ] - [ DEBUG ] [ c.cgc.dao.elasticsearch.DiscussPostRepositoryTest : 56 ] - Running with Spring Boot v2.6.4, Spring v5.3.16
2022-04-13 16:42:55.588 [ main ] - [ INFO  ] [ c.cgc.dao.elasticsearch.DiscussPostRepositoryTest : 640 ] - No active profile set, falling back to 1 default profile: "default"
2022-04-13 16:43:00.778 [ I/O dispatcher 1 ] - [ WARN  ] [ org.elasticsearch.client.RestClient : 65 ] - request [GET http://localhost:9200/] returned 1 warnings: [299 Elasticsearch-7.15.2-93d5a7f6192e8a1a12e154a2b81bf6fa7309da0c "Elasticsearch built-in security features are not enabled. Without authentication, your cluster could be accessible to anyone. See https://www.elastic.co/guide/en/elasticsearch/reference/7.15/security-minimal-setup.html to enable security."]
2022-04-13 16:43:00.807 [ main ] - [ WARN  ] [ org.elasticsearch.client.RestClient : 65 ] - request [HEAD http://localhost:9200/discusspost?ignore_throttled=false&ignore_unavailable=false&expand_wildcards=open%2Cclosed&allow_no_indices=false] returned 1 warnings: [299 Elasticsearch-7.15.2-93d5a7f6192e8a1a12e154a2b81bf6fa7309da0c "Elasticsearch built-in security features are not enabled. Without authentication, your cluster could be accessible to anyone. See https://www.elastic.co/guide/en/elasticsearch/reference/7.15/security-minimal-setup.html to enable security."]
2022-04-13 16:43:01.296 [ main ] - [ INFO  ] [ org.apache.kafka.clients.consumer.ConsumerConfig : 376 ] - ConsumerConfig values: 
	allow.auto.create.topics = true
	auto.commit.interval.ms = 3000
	auto.offset.reset = latest
	bootstrap.servers = [localhost:9092]
	check.crcs = true
	client.dns.lookup = use_all_dns_ips
	client.id = consumer-test-consumer-group-1
	client.rack = 
	connections.max.idle.ms = 540000
	default.api.timeout.ms = 60000
	enable.auto.commit = true
	exclude.internal.topics = true
	fetch.max.bytes = 52428800
	fetch.max.wait.ms = 500
	fetch.min.bytes = 1
	group.id = test-consumer-group
	group.instance.id = null
	heartbeat.interval.ms = 3000
	interceptor.classes = []
	internal.leave.group.on.close = true
	internal.throw.on.fetch.stable.offset.unsupported = false
	isolation.level = read_uncommitted
	key.deserializer = class org.apache.kafka.common.serialization.StringDeserializer
	max.partition.fetch.bytes = 1048576
	max.poll.interval.ms = 300000
	max.poll.records = 500
	metadata.max.age.ms = 300000
	metric.reporters = []
	metrics.num.samples = 2
	metrics.recording.level = INFO
	metrics.sample.window.ms = 30000
	partition.assignment.strategy = [class org.apache.kafka.clients.consumer.RangeAssignor, class org.apache.kafka.clients.consumer.CooperativeStickyAssignor]
	receive.buffer.bytes = 65536
	reconnect.backoff.max.ms = 1000
	reconnect.backoff.ms = 50
	request.timeout.ms = 30000
	retry.backoff.ms = 100
	sasl.client.callback.handler.class = null
	sasl.jaas.config = null
	sasl.kerberos.kinit.cmd = /usr/bin/kinit
	sasl.kerberos.min.time.before.relogin = 60000
	sasl.kerberos.service.name = null
	sasl.kerberos.ticket.renew.jitter = 0.05
	sasl.kerberos.ticket.renew.window.factor = 0.8
	sasl.login.callback.handler.class = null
	sasl.login.class = null
	sasl.login.refresh.buffer.seconds = 300
	sasl.login.refresh.min.period.seconds = 60
	sasl.login.refresh.window.factor = 0.8
	sasl.login.refresh.window.jitter = 0.05
	sasl.mechanism = GSSAPI
	security.protocol = PLAINTEXT
	security.providers = null
	send.buffer.bytes = 131072
	session.timeout.ms = 45000
	socket.connection.setup.timeout.max.ms = 30000
	socket.connection.setup.timeout.ms = 10000
	ssl.cipher.suites = null
	ssl.enabled.protocols = [TLSv1.2]
	ssl.endpoint.identification.algorithm = https
	ssl.engine.factory.class = null
	ssl.key.password = null
	ssl.keymanager.algorithm = SunX509
	ssl.keystore.certificate.chain = null
	ssl.keystore.key = null
	ssl.keystore.location = null
	ssl.keystore.password = null
	ssl.keystore.type = JKS
	ssl.protocol = TLSv1.2
	ssl.provider = null
	ssl.secure.random.implementation = null
	ssl.trustmanager.algorithm = PKIX
	ssl.truststore.certificates = null
	ssl.truststore.location = null
	ssl.truststore.password = null
	ssl.truststore.type = JKS
	value.deserializer = class org.apache.kafka.common.serialization.StringDeserializer

2022-04-13 16:43:01.447 [ main ] - [ INFO  ] [ org.apache.kafka.common.utils.AppInfoParser : 119 ] - Kafka version: 3.0.0
2022-04-13 16:43:01.449 [ main ] - [ INFO  ] [ org.apache.kafka.common.utils.AppInfoParser : 120 ] - Kafka commitId: 8cb0a5e9d3441962
2022-04-13 16:43:01.449 [ main ] - [ INFO  ] [ org.apache.kafka.common.utils.AppInfoParser : 121 ] - Kafka startTimeMs: 1649839381444
2022-04-13 16:43:01.453 [ main ] - [ INFO  ] [ org.apache.kafka.clients.consumer.KafkaConsumer : 966 ] - [Consumer clientId=consumer-test-consumer-group-1, groupId=test-consumer-group] Subscribed to topic(s): quickstart-events
2022-04-13 16:43:01.472 [ main ] - [ INFO  ] [ org.apache.kafka.clients.consumer.ConsumerConfig : 376 ] - ConsumerConfig values: 
	allow.auto.create.topics = true
	auto.commit.interval.ms = 3000
	auto.offset.reset = latest
	bootstrap.servers = [localhost:9092]
	check.crcs = true
	client.dns.lookup = use_all_dns_ips
	client.id = consumer-test-consumer-group-2
	client.rack = 
	connections.max.idle.ms = 540000
	default.api.timeout.ms = 60000
	enable.auto.commit = true
	exclude.internal.topics = true
	fetch.max.bytes = 52428800
	fetch.max.wait.ms = 500
	fetch.min.bytes = 1
	group.id = test-consumer-group
	group.instance.id = null
	heartbeat.interval.ms = 3000
	interceptor.classes = []
	internal.leave.group.on.close = true
	internal.throw.on.fetch.stable.offset.unsupported = false
	isolation.level = read_uncommitted
	key.deserializer = class org.apache.kafka.common.serialization.StringDeserializer
	max.partition.fetch.bytes = 1048576
	max.poll.interval.ms = 300000
	max.poll.records = 500
	metadata.max.age.ms = 300000
	metric.reporters = []
	metrics.num.samples = 2
	metrics.recording.level = INFO
	metrics.sample.window.ms = 30000
	partition.assignment.strategy = [class org.apache.kafka.clients.consumer.RangeAssignor, class org.apache.kafka.clients.consumer.CooperativeStickyAssignor]
	receive.buffer.bytes = 65536
	reconnect.backoff.max.ms = 1000
	reconnect.backoff.ms = 50
	request.timeout.ms = 30000
	retry.backoff.ms = 100
	sasl.client.callback.handler.class = null
	sasl.jaas.config = null
	sasl.kerberos.kinit.cmd = /usr/bin/kinit
	sasl.kerberos.min.time.before.relogin = 60000
	sasl.kerberos.service.name = null
	sasl.kerberos.ticket.renew.jitter = 0.05
	sasl.kerberos.ticket.renew.window.factor = 0.8
	sasl.login.callback.handler.class = null
	sasl.login.class = null
	sasl.login.refresh.buffer.seconds = 300
	sasl.login.refresh.min.period.seconds = 60
	sasl.login.refresh.window.factor = 0.8
	sasl.login.refresh.window.jitter = 0.05
	sasl.mechanism = GSSAPI
	security.protocol = PLAINTEXT
	security.providers = null
	send.buffer.bytes = 131072
	session.timeout.ms = 45000
	socket.connection.setup.timeout.max.ms = 30000
	socket.connection.setup.timeout.ms = 10000
	ssl.cipher.suites = null
	ssl.enabled.protocols = [TLSv1.2]
	ssl.endpoint.identification.algorithm = https
	ssl.engine.factory.class = null
	ssl.key.password = null
	ssl.keymanager.algorithm = SunX509
	ssl.keystore.certificate.chain = null
	ssl.keystore.key = null
	ssl.keystore.location = null
	ssl.keystore.password = null
	ssl.keystore.type = JKS
	ssl.protocol = TLSv1.2
	ssl.provider = null
	ssl.secure.random.implementation = null
	ssl.trustmanager.algorithm = PKIX
	ssl.truststore.certificates = null
	ssl.truststore.location = null
	ssl.truststore.password = null
	ssl.truststore.type = JKS
	value.deserializer = class org.apache.kafka.common.serialization.StringDeserializer

2022-04-13 16:43:01.480 [ main ] - [ INFO  ] [ org.apache.kafka.common.utils.AppInfoParser : 119 ] - Kafka version: 3.0.0
2022-04-13 16:43:01.481 [ main ] - [ INFO  ] [ org.apache.kafka.common.utils.AppInfoParser : 120 ] - Kafka commitId: 8cb0a5e9d3441962
2022-04-13 16:43:01.482 [ main ] - [ INFO  ] [ org.apache.kafka.common.utils.AppInfoParser : 121 ] - Kafka startTimeMs: 1649839381480
2022-04-13 16:43:01.484 [ main ] - [ INFO  ] [ org.apache.kafka.clients.consumer.KafkaConsumer : 966 ] - [Consumer clientId=consumer-test-consumer-group-2, groupId=test-consumer-group] Subscribed to topic(s): comment, follow, like
2022-04-13 16:43:01.502 [ main ] - [ INFO  ] [ c.cgc.dao.elasticsearch.DiscussPostRepositoryTest : 61 ] - Started DiscussPostRepositoryTest in 6.371 seconds (JVM running for 7.855)
2022-04-13 16:43:01.838 [ main ] - [ INFO  ] [ com.zaxxer.hikari.HikariDataSource : 110 ] - HikariPool-1 - Starting...
2022-04-13 16:43:02.062 [ main ] - [ INFO  ] [ com.zaxxer.hikari.HikariDataSource : 123 ] - HikariPool-1 - Start completed.
2022-04-13 16:43:02.070 [ main ] - [ DEBUG ] [ com.cgc.dao.DiscussPostMapper.selectDiscussPosts : 137 ] - ==>  Preparing: select `id`, `user_id`, `title`, `content`, `type`, `status`, `create_time`, `comment_count`, `score` from discuss_post where status!=2 and user_id=? order by type desc ,create_time desc limit ?,?
2022-04-13 16:43:02.102 [ main ] - [ DEBUG ] [ com.cgc.dao.DiscussPostMapper.selectDiscussPosts : 137 ] - ==> Parameters: 111(Integer), 0(Integer), 100(Integer)
2022-04-13 16:43:02.181 [ main ] - [ DEBUG ] [ com.cgc.dao.DiscussPostMapper.selectDiscussPosts : 137 ] - <==      Total: 26
2022-04-13 16:43:02.497 [ main ] - [ WARN  ] [ org.elasticsearch.client.RestClient : 65 ] - request [POST http://localhost:9200/_bulk?timeout=1m] returned 1 warnings: [299 Elasticsearch-7.15.2-93d5a7f6192e8a1a12e154a2b81bf6fa7309da0c "Elasticsearch built-in security features are not enabled. Without authentication, your cluster could be accessible to anyone. See https://www.elastic.co/guide/en/elasticsearch/reference/7.15/security-minimal-setup.html to enable security."]
2022-04-13 16:43:02.647 [ main ] - [ WARN  ] [ org.elasticsearch.client.RestClient : 65 ] - request [POST http://localhost:9200/discusspost/_refresh?ignore_throttled=false&ignore_unavailable=false&expand_wildcards=open&allow_no_indices=true] returned 1 warnings: [299 Elasticsearch-7.15.2-93d5a7f6192e8a1a12e154a2b81bf6fa7309da0c "Elasticsearch built-in security features are not enabled. Without authentication, your cluster could be accessible to anyone. See https://www.elastic.co/guide/en/elasticsearch/reference/7.15/security-minimal-setup.html to enable security."]
2022-04-13 16:43:02.660 [ main ] - [ DEBUG ] [ com.cgc.dao.DiscussPostMapper.selectDiscussPosts : 137 ] - ==>  Preparing: select `id`, `user_id`, `title`, `content`, `type`, `status`, `create_time`, `comment_count`, `score` from discuss_post where status!=2 and user_id=? order by type desc ,create_time desc limit ?,?
2022-04-13 16:43:02.661 [ main ] - [ DEBUG ] [ com.cgc.dao.DiscussPostMapper.selectDiscussPosts : 137 ] - ==> Parameters: 133(Integer), 0(Integer), 100(Integer)
2022-04-13 16:43:02.663 [ main ] - [ DEBUG ] [ com.cgc.dao.DiscussPostMapper.selectDiscussPosts : 137 ] - <==      Total: 2
2022-04-13 16:43:02.767 [ main ] - [ WARN  ] [ org.elasticsearch.client.RestClient : 65 ] - request [POST http://localhost:9200/_bulk?timeout=1m] returned 1 warnings: [299 Elasticsearch-7.15.2-93d5a7f6192e8a1a12e154a2b81bf6fa7309da0c "Elasticsearch built-in security features are not enabled. Without authentication, your cluster could be accessible to anyone. See https://www.elastic.co/guide/en/elasticsearch/reference/7.15/security-minimal-setup.html to enable security."]
2022-04-13 16:43:02.863 [ main ] - [ WARN  ] [ org.elasticsearch.client.RestClient : 65 ] - request [POST http://localhost:9200/discusspost/_refresh?ignore_throttled=false&ignore_unavailable=false&expand_wildcards=open&allow_no_indices=true] returned 1 warnings: [299 Elasticsearch-7.15.2-93d5a7f6192e8a1a12e154a2b81bf6fa7309da0c "Elasticsearch built-in security features are not enabled. Without authentication, your cluster could be accessible to anyone. See https://www.elastic.co/guide/en/elasticsearch/reference/7.15/security-minimal-setup.html to enable security."]
2022-04-13 16:43:02.864 [ main ] - [ DEBUG ] [ com.cgc.dao.DiscussPostMapper.selectDiscussPosts : 137 ] - ==>  Preparing: select `id`, `user_id`, `title`, `content`, `type`, `status`, `create_time`, `comment_count`, `score` from discuss_post where status!=2 and user_id=? order by type desc ,create_time desc limit ?,?
2022-04-13 16:43:02.865 [ main ] - [ DEBUG ] [ com.cgc.dao.DiscussPostMapper.selectDiscussPosts : 137 ] - ==> Parameters: 134(Integer), 0(Integer), 100(Integer)
2022-04-13 16:43:02.866 [ main ] - [ DEBUG ] [ com.cgc.dao.DiscussPostMapper.selectDiscussPosts : 137 ] - <==      Total: 2
2022-04-13 16:43:02.960 [ main ] - [ WARN  ] [ org.elasticsearch.client.RestClient : 65 ] - request [POST http://localhost:9200/_bulk?timeout=1m] returned 1 warnings: [299 Elasticsearch-7.15.2-93d5a7f6192e8a1a12e154a2b81bf6fa7309da0c "Elasticsearch built-in security features are not enabled. Without authentication, your cluster could be accessible to anyone. See https://www.elastic.co/guide/en/elasticsearch/reference/7.15/security-minimal-setup.html to enable security."]
2022-04-13 16:43:03.110 [ main ] - [ WARN  ] [ org.elasticsearch.client.RestClient : 65 ] - request [POST http://localhost:9200/discusspost/_refresh?ignore_throttled=false&ignore_unavailable=false&expand_wildcards=open&allow_no_indices=true] returned 1 warnings: [299 Elasticsearch-7.15.2-93d5a7f6192e8a1a12e154a2b81bf6fa7309da0c "Elasticsearch built-in security features are not enabled. Without authentication, your cluster could be accessible to anyone. See https://www.elastic.co/guide/en/elasticsearch/reference/7.15/security-minimal-setup.html to enable security."]
2022-04-13 16:43:03.111 [ main ] - [ DEBUG ] [ com.cgc.dao.DiscussPostMapper.selectDiscussPosts : 137 ] - ==>  Preparing: select `id`, `user_id`, `title`, `content`, `type`, `status`, `create_time`, `comment_count`, `score` from discuss_post where status!=2 and user_id=? order by type desc ,create_time desc limit ?,?
2022-04-13 16:43:03.112 [ main ] - [ DEBUG ] [ com.cgc.dao.DiscussPostMapper.selectDiscussPosts : 137 ] - ==> Parameters: 149(Integer), 0(Integer), 100(Integer)
2022-04-13 16:43:03.113 [ main ] - [ DEBUG ] [ com.cgc.dao.DiscussPostMapper.selectDiscussPosts : 137 ] - <==      Total: 3
2022-04-13 16:43:03.208 [ main ] - [ WARN  ] [ org.elasticsearch.client.RestClient : 65 ] - request [POST http://localhost:9200/_bulk?timeout=1m] returned 1 warnings: [299 Elasticsearch-7.15.2-93d5a7f6192e8a1a12e154a2b81bf6fa7309da0c "Elasticsearch built-in security features are not enabled. Without authentication, your cluster could be accessible to anyone. See https://www.elastic.co/guide/en/elasticsearch/reference/7.15/security-minimal-setup.html to enable security."]
2022-04-13 16:43:03.250 [ main ] - [ WARN  ] [ org.elasticsearch.client.RestClient : 65 ] - request [POST http://localhost:9200/discusspost/_refresh?ignore_throttled=false&ignore_unavailable=false&expand_wildcards=open&allow_no_indices=true] returned 1 warnings: [299 Elasticsearch-7.15.2-93d5a7f6192e8a1a12e154a2b81bf6fa7309da0c "Elasticsearch built-in security features are not enabled. Without authentication, your cluster could be accessible to anyone. See https://www.elastic.co/guide/en/elasticsearch/reference/7.15/security-minimal-setup.html to enable security."]
2022-04-13 16:43:03.270 [ org.springframework.kafka.KafkaListenerEndpointContainer#1-0-C-1 ] - [ INFO  ] [ o.a.k.c.consumer.internals.ConsumerCoordinator : 966 ] - [Consumer clientId=consumer-test-consumer-group-2, groupId=test-consumer-group] Resetting generation due to: consumer pro-actively leaving the group
2022-04-13 16:43:03.270 [ org.springframework.kafka.KafkaListenerEndpointContainer#0-0-C-1 ] - [ INFO  ] [ o.a.k.c.consumer.internals.ConsumerCoordinator : 966 ] - [Consumer clientId=consumer-test-consumer-group-1, groupId=test-consumer-group] Resetting generation due to: consumer pro-actively leaving the group
2022-04-13 16:43:03.271 [ org.springframework.kafka.KafkaListenerEndpointContainer#1-0-C-1 ] - [ INFO  ] [ o.a.k.c.consumer.internals.ConsumerCoordinator : 988 ] - [Consumer clientId=consumer-test-consumer-group-2, groupId=test-consumer-group] Request joining group due to: consumer pro-actively leaving the group
2022-04-13 16:43:03.271 [ org.springframework.kafka.KafkaListenerEndpointContainer#0-0-C-1 ] - [ INFO  ] [ o.a.k.c.consumer.internals.ConsumerCoordinator : 988 ] - [Consumer clientId=consumer-test-consumer-group-1, groupId=test-consumer-group] Request joining group due to: consumer pro-actively leaving the group
2022-04-13 16:43:03.271 [ org.springframework.kafka.KafkaListenerEndpointContainer#0-0-C-1 ] - [ INFO  ] [ org.apache.kafka.clients.consumer.KafkaConsumer : 1075 ] - [Consumer clientId=consumer-test-consumer-group-1, groupId=test-consumer-group] Unsubscribed all topics or patterns and assigned partitions
2022-04-13 16:43:03.271 [ org.springframework.kafka.KafkaListenerEndpointContainer#1-0-C-1 ] - [ INFO  ] [ org.apache.kafka.clients.consumer.KafkaConsumer : 1075 ] - [Consumer clientId=consumer-test-consumer-group-2, groupId=test-consumer-group] Unsubscribed all topics or patterns and assigned partitions
2022-04-13 16:43:03.272 [ org.springframework.kafka.KafkaListenerEndpointContainer#0-0-C-1 ] - [ INFO  ] [ o.a.k.c.consumer.internals.ConsumerCoordinator : 966 ] - [Consumer clientId=consumer-test-consumer-group-1, groupId=test-consumer-group] Resetting generation due to: consumer pro-actively leaving the group
2022-04-13 16:43:03.272 [ org.springframework.kafka.KafkaListenerEndpointContainer#1-0-C-1 ] - [ INFO  ] [ o.a.k.c.consumer.internals.ConsumerCoordinator : 966 ] - [Consumer clientId=consumer-test-consumer-group-2, groupId=test-consumer-group] Resetting generation due to: consumer pro-actively leaving the group
2022-04-13 16:43:03.272 [ org.springframework.kafka.KafkaListenerEndpointContainer#0-0-C-1 ] - [ INFO  ] [ o.a.k.c.consumer.internals.ConsumerCoordinator : 988 ] - [Consumer clientId=consumer-test-consumer-group-1, groupId=test-consumer-group] Request joining group due to: consumer pro-actively leaving the group
2022-04-13 16:43:03.272 [ org.springframework.kafka.KafkaListenerEndpointContainer#1-0-C-1 ] - [ INFO  ] [ o.a.k.c.consumer.internals.ConsumerCoordinator : 988 ] - [Consumer clientId=consumer-test-consumer-group-2, groupId=test-consumer-group] Request joining group due to: consumer pro-actively leaving the group
2022-04-13 16:43:03.273 [ org.springframework.kafka.KafkaListenerEndpointContainer#1-0-C-1 ] - [ INFO  ] [ org.apache.kafka.common.metrics.Metrics : 659 ] - Metrics scheduler closed
2022-04-13 16:43:03.273 [ org.springframework.kafka.KafkaListenerEndpointContainer#0-0-C-1 ] - [ INFO  ] [ org.apache.kafka.common.metrics.Metrics : 659 ] - Metrics scheduler closed
2022-04-13 16:43:03.273 [ org.springframework.kafka.KafkaListenerEndpointContainer#1-0-C-1 ] - [ INFO  ] [ org.apache.kafka.common.metrics.Metrics : 663 ] - Closing reporter org.apache.kafka.common.metrics.JmxReporter
2022-04-13 16:43:03.273 [ org.springframework.kafka.KafkaListenerEndpointContainer#0-0-C-1 ] - [ INFO  ] [ org.apache.kafka.common.metrics.Metrics : 663 ] - Closing reporter org.apache.kafka.common.metrics.JmxReporter
2022-04-13 16:43:03.273 [ org.springframework.kafka.KafkaListenerEndpointContainer#1-0-C-1 ] - [ INFO  ] [ org.apache.kafka.common.metrics.Metrics : 669 ] - Metrics reporters closed
2022-04-13 16:43:03.273 [ org.springframework.kafka.KafkaListenerEndpointContainer#0-0-C-1 ] - [ INFO  ] [ org.apache.kafka.common.metrics.Metrics : 669 ] - Metrics reporters closed
2022-04-13 16:43:03.278 [ org.springframework.kafka.KafkaListenerEndpointContainer#0-0-C-1 ] - [ INFO  ] [ org.apache.kafka.common.utils.AppInfoParser : 83 ] - App info kafka.consumer for consumer-test-consumer-group-1 unregistered
2022-04-13 16:43:03.278 [ org.springframework.kafka.KafkaListenerEndpointContainer#1-0-C-1 ] - [ INFO  ] [ org.apache.kafka.common.utils.AppInfoParser : 83 ] - App info kafka.consumer for consumer-test-consumer-group-2 unregistered
2022-04-13 16:43:03.302 [ SpringApplicationShutdownHook ] - [ INFO  ] [ com.zaxxer.hikari.HikariDataSource : 350 ] - HikariPool-1 - Shutdown initiated...
2022-04-13 16:43:03.310 [ SpringApplicationShutdownHook ] - [ INFO  ] [ com.zaxxer.hikari.HikariDataSource : 352 ] - HikariPool-1 - Shutdown completed.
